0 info it worked if it ends with ok
1 verbose cli [ '/usr/local/Cellar/node/7.7.1_1/bin/node',
1 verbose cli   '/usr/local/bin/npm',
1 verbose cli   'install',
1 verbose cli   'angular-cli@webpack',
1 verbose cli   '-g' ]
2 info using npm@4.1.2
3 info using node@v7.7.1
4 silly loadCurrentTree Starting
5 silly install loadCurrentTree
6 silly install readGlobalPackageData
7 silly fetchPackageMetaData angular-cli@webpack
8 silly fetchNamedPackageData angular-cli
9 silly mapToRegistry name angular-cli
10 silly mapToRegistry using default registry
11 silly mapToRegistry registry https://registry.npmjs.org/
12 silly mapToRegistry data Result {
12 silly mapToRegistry   raw: 'angular-cli',
12 silly mapToRegistry   scope: null,
12 silly mapToRegistry   escapedName: 'angular-cli',
12 silly mapToRegistry   name: 'angular-cli',
12 silly mapToRegistry   rawSpec: '',
12 silly mapToRegistry   spec: 'latest',
12 silly mapToRegistry   type: 'tag' }
13 silly mapToRegistry uri https://registry.npmjs.org/angular-cli
14 verbose request uri https://registry.npmjs.org/angular-cli
15 verbose request no auth needed
16 info attempt registry request try #1 at 11:37:24 AM
17 verbose request id c2dff22bcde256bd
18 http request GET https://registry.npmjs.org/angular-cli
19 http 200 https://registry.npmjs.org/angular-cli
20 verbose headers { server: 'nginx/1.10.1',
20 verbose headers   'content-type': 'application/json',
20 verbose headers   'last-modified': 'Thu, 01 Jun 2017 15:55:11 GMT',
20 verbose headers   etag: 'W/"593038df-3fdba"',
20 verbose headers   'content-encoding': 'gzip',
20 verbose headers   'cache-control': 'max-age=300',
20 verbose headers   'content-length': '21547',
20 verbose headers   'accept-ranges': 'bytes',
20 verbose headers   date: 'Thu, 01 Jun 2017 17:37:24 GMT',
20 verbose headers   via: '1.1 varnish',
20 verbose headers   age: '21',
20 verbose headers   connection: 'keep-alive',
20 verbose headers   'x-served-by': 'cache-dfw1837-DFW',
20 verbose headers   'x-cache': 'HIT',
20 verbose headers   'x-cache-hits': '2',
20 verbose headers   'x-timer': 'S1496338645.751227,VS0,VE0',
20 verbose headers   vary: 'Accept-Encoding' }
21 silly get cb [ 200,
21 silly get   { server: 'nginx/1.10.1',
21 silly get     'content-type': 'application/json',
21 silly get     'last-modified': 'Thu, 01 Jun 2017 15:55:11 GMT',
21 silly get     etag: 'W/"593038df-3fdba"',
21 silly get     'content-encoding': 'gzip',
21 silly get     'cache-control': 'max-age=300',
21 silly get     'content-length': '21547',
21 silly get     'accept-ranges': 'bytes',
21 silly get     date: 'Thu, 01 Jun 2017 17:37:24 GMT',
21 silly get     via: '1.1 varnish',
21 silly get     age: '21',
21 silly get     connection: 'keep-alive',
21 silly get     'x-served-by': 'cache-dfw1837-DFW',
21 silly get     'x-cache': 'HIT',
21 silly get     'x-cache-hits': '2',
21 silly get     'x-timer': 'S1496338645.751227,VS0,VE0',
21 silly get     vary: 'Accept-Encoding' } ]
22 verbose get saving angular-cli to /Users/billy/.npm/registry.npmjs.org/angular-cli/.cache.json
23 verbose correctMkdir /Users/billy/.npm correctMkdir not in flight; initializing
24 silly fetchPackageMetaData Error: No compatible version found: angular-cli@webpack
24 silly fetchPackageMetaData Valid install targets:
24 silly fetchPackageMetaData 0.0.0, 0.0.1, 0.0.2, 0.0.3, 0.0.4, 0.0.5, 0.0.6, 0.0.7, 0.0.8, 0.0.9, 0.0.10, 0.0.11, 0.0.12, 0.0.13, 0.0.14, 0.0.15, 0.0.16, 0.0.17, 0.0.18, 0.0.19, 0.0.20, 0.0.22, 0.0.23, 0.0.24, 0.0.25, 0.0.26, 0.0.27, 0.0.28, 0.0.29, 0.0.30, 0.0.31, 0.0.33, 0.0.34, 0.0.37, 0.0.39, 0.1.0, 1.0.0-beta.0, 1.0.0-beta.1, 1.0.0-beta.2-mobile, 1.0.0-beta.2-mobile.1, 1.0.0-beta.2-mobile.2, 1.0.0-beta.2-mobile.3, 1.0.0-beta.2-mobile.4, 1.0.0-beta.4, 1.0.0-beta.5, 1.0.0-beta.6, 1.0.0-beta.8, 1.0.0-beta.9, 1.0.0-beta.10, 1.0.0-beta.11-webpack, 1.0.0-beta.11-webpack.2, 1.0.0-beta.11-webpack.3, 1.0.0-beta.11-webpack.4, 1.0.0-beta.11-webpack.5, 1.0.0-beta.11-webpack.6, 1.0.0-beta.11-webpack.7, 1.0.0-beta.11-webpack.8, 1.0.0-beta.11-webpack.9, 1.0.0-beta.11-webpack.9-1, 1.0.0-beta.11-webpack.9-2, 1.0.0-beta.11-webpack.9-3, 1.0.0-beta.11-webpack.9-4, 1.0.0-beta.12, 1.0.0-beta.12-1, 1.0.0-beta.14, 1.0.0-beta.15, 1.0.0-beta.16, 1.0.0-beta.17, 1.0.0-beta.18, 1.0.0-beta.19-3, 1.0.0-beta.20-1, 1.0.0-beta.20-2, 1.0.0-beta.20-3, 1.0.0-beta.20-4, 1.0.0-beta.21, 1.0.0-beta.22, 1.0.0-beta.22-1, 1.0.0-beta.24, 1.0.0-beta.25, 1.0.0-beta.25.2, 1.0.0-beta.25.3, 1.0.0-beta.25.4, 1.0.0-beta.25.5, 1.0.0-beta.26, 1.0.0-beta.27, 1.0.0-beta.28, 1.0.0-beta.28.2, 1.0.0-beta.28.3
24 silly fetchPackageMetaData
24 silly fetchPackageMetaData     at pickVersionFromRegistryDocument (/usr/local/lib/node_modules/npm/lib/fetch-package-metadata.js:158:16)
24 silly fetchPackageMetaData     at /usr/local/lib/node_modules/npm/node_modules/iferr/index.js:13:50
24 silly fetchPackageMetaData     at /usr/local/lib/node_modules/npm/lib/utils/pulse-till-done.js:20:8
24 silly fetchPackageMetaData     at saved (/usr/local/lib/node_modules/npm/lib/cache/caching-client.js:174:7)
24 silly fetchPackageMetaData     at /usr/local/lib/node_modules/npm/node_modules/graceful-fs/polyfills.js:261:18
24 silly fetchPackageMetaData     at FSReqWrap.oncomplete (fs.js:114:15)
24 silly fetchPackageMetaData  error for angular-cli@webpack { Error: No compatible version found: angular-cli@webpack
24 silly fetchPackageMetaData Valid install targets:
24 silly fetchPackageMetaData 0.0.0, 0.0.1, 0.0.2, 0.0.3, 0.0.4, 0.0.5, 0.0.6, 0.0.7, 0.0.8, 0.0.9, 0.0.10, 0.0.11, 0.0.12, 0.0.13, 0.0.14, 0.0.15, 0.0.16, 0.0.17, 0.0.18, 0.0.19, 0.0.20, 0.0.22, 0.0.23, 0.0.24, 0.0.25, 0.0.26, 0.0.27, 0.0.28, 0.0.29, 0.0.30, 0.0.31, 0.0.33, 0.0.34, 0.0.37, 0.0.39, 0.1.0, 1.0.0-beta.0, 1.0.0-beta.1, 1.0.0-beta.2-mobile, 1.0.0-beta.2-mobile.1, 1.0.0-beta.2-mobile.2, 1.0.0-beta.2-mobile.3, 1.0.0-beta.2-mobile.4, 1.0.0-beta.4, 1.0.0-beta.5, 1.0.0-beta.6, 1.0.0-beta.8, 1.0.0-beta.9, 1.0.0-beta.10, 1.0.0-beta.11-webpack, 1.0.0-beta.11-webpack.2, 1.0.0-beta.11-webpack.3, 1.0.0-beta.11-webpack.4, 1.0.0-beta.11-webpack.5, 1.0.0-beta.11-webpack.6, 1.0.0-beta.11-webpack.7, 1.0.0-beta.11-webpack.8, 1.0.0-beta.11-webpack.9, 1.0.0-beta.11-webpack.9-1, 1.0.0-beta.11-webpack.9-2, 1.0.0-beta.11-webpack.9-3, 1.0.0-beta.11-webpack.9-4, 1.0.0-beta.12, 1.0.0-beta.12-1, 1.0.0-beta.14, 1.0.0-beta.15, 1.0.0-beta.16, 1.0.0-beta.17, 1.0.0-beta.18, 1.0.0-beta.19-3, 1.0.0-beta.20-1, 1.0.0-beta.20-2, 1.0.0-beta.20-3, 1.0.0-beta.20-4, 1.0.0-beta.21, 1.0.0-beta.22, 1.0.0-beta.22-1, 1.0.0-beta.24, 1.0.0-beta.25, 1.0.0-beta.25.2, 1.0.0-beta.25.3, 1.0.0-beta.25.4, 1.0.0-beta.25.5, 1.0.0-beta.26, 1.0.0-beta.27, 1.0.0-beta.28, 1.0.0-beta.28.2, 1.0.0-beta.28.3
24 silly fetchPackageMetaData
24 silly fetchPackageMetaData     at pickVersionFromRegistryDocument (/usr/local/lib/node_modules/npm/lib/fetch-package-metadata.js:158:16)
24 silly fetchPackageMetaData     at /usr/local/lib/node_modules/npm/node_modules/iferr/index.js:13:50
24 silly fetchPackageMetaData     at /usr/local/lib/node_modules/npm/lib/utils/pulse-till-done.js:20:8
24 silly fetchPackageMetaData     at saved (/usr/local/lib/node_modules/npm/lib/cache/caching-client.js:174:7)
24 silly fetchPackageMetaData     at /usr/local/lib/node_modules/npm/node_modules/graceful-fs/polyfills.js:261:18
24 silly fetchPackageMetaData     at FSReqWrap.oncomplete (fs.js:114:15) code: 'ETARGET' }
25 silly rollbackFailedOptional Starting
26 verbose stack TypeError: Cannot read property 'path' of null
26 verbose stack     at Installer.rollbackFailedOptional (/usr/local/lib/node_modules/npm/lib/install.js:511:29)
26 verbose stack     at Array.<anonymous> (/usr/local/lib/node_modules/npm/node_modules/slide/lib/bind-actor.js:15:8)
26 verbose stack     at LOOP (/usr/local/lib/node_modules/npm/node_modules/slide/lib/chain.js:15:14)
26 verbose stack     at /usr/local/lib/node_modules/npm/node_modules/slide/lib/chain.js:18:7
26 verbose stack     at /usr/local/lib/node_modules/npm/lib/install.js:337:5
26 verbose stack     at Array.<anonymous> (/usr/local/lib/node_modules/npm/node_modules/slide/lib/bind-actor.js:15:8)
26 verbose stack     at LOOP (/usr/local/lib/node_modules/npm/node_modules/slide/lib/chain.js:15:14)
26 verbose stack     at chain (/usr/local/lib/node_modules/npm/node_modules/slide/lib/chain.js:20:5)
26 verbose stack     at /usr/local/lib/node_modules/npm/lib/install.js:294:5
26 verbose stack     at /usr/local/lib/node_modules/npm/node_modules/slide/lib/chain.js:16:22
27 verbose cwd /Users/billy/General-Assembly/Pickup-Games1
28 error Darwin 16.0.0
29 error argv "/usr/local/Cellar/node/7.7.1_1/bin/node" "/usr/local/bin/npm" "install" "angular-cli@webpack" "-g"
30 error node v7.7.1
31 error npm  v4.1.2
32 error Cannot read property 'path' of null
33 error If you need help, you may report this error at:
33 error     <https://github.com/npm/npm/issues>
34 verbose exit [ 1, true ]
